1649869827313:add
1649869832845:add 1 2
1649870190518:add AAA BUY 1 1
1649870194550:add AAA BUY 1 1 1
1649870197889:add AAA BUY 1 1
1649870715652:add AAA BUY 100 10
1649870738302:add AAA SELL 10 9
1649870866971:help
1649872515548:add AAA SELL 10 9
1649873306467:add AAA BUY 100 10
1649873321090:add AAA SELL 10 9
1649873340780:add AAA SELL 10 10
1649873360252:add AAA BUY 100 10
1649873366396:add AAA BUY 100 11
1649873372741:add AAA SELL 10 11
1649873571137:add AAA SELL 10 10
1649873583880:add AAA BUY 100 10
1649874191443:add AAA BUY 10 10
1649874211371:add AAA SELL 25 10
1649874457100:add AAA BUY 10 10
1649874461316:add AAA SELL 25 10
1649874471397:add AAA BUY 10 10
1649959101216:add AAA SELL 25 10
1649959105984:add AAA BUY 10 10
1649961393874:cancel AAA ae902f28-6c5b-47e4-92d1-d140e5b4c186
1649961493823:add AAA BUY 10 10
1649961497158:cancel AAA ae902f28-6c5b-47e4-92d1-d140e5b4c186
1649961611786:add AAA BUY 10 10
1649961614683:cancel AAA ae902f28-6c5b-47e4-92d1-d140e5b4c186
